<?xml version="1.0" encoding="UTF-8"?>
<testsuite xmlns:xsi="http://www.w3.org/2001/XMLSchema-instance" xsi:noNamespaceSchemaLocation="https://maven.apache.org/surefire/maven-surefire-plugin/xsd/surefire-test-report.xsd" name="org.apache.commons.validator.routines.checkdigit.SedolCheckDigitTest" time="0" tests="8" errors="0" skipped="0" failures="0">
  <properties>
[...]
</properties>
  <testcase name="testVALIDATOR_346" classname="org.apache.commons.validator.routines.checkdigit.SedolCheckDigitTest" time="0"/>
  <testcase name="testSerialization" classname="org.apache.commons.validator.routines.checkdigit.SedolCheckDigitTest" time="0"/>
  <testcase name="testIsValidFalse" classname="org.apache.commons.validator.routines.checkdigit.SedolCheckDigitTest" time="0"/>
  <testcase name="testZeroSum" classname="org.apache.commons.validator.routines.checkdigit.SedolCheckDigitTest" time="0"/>
  <testcase name="testIsValidTrue" classname="org.apache.commons.validator.routines.checkdigit.SedolCheckDigitTest" time="0"/>
  <testcase name="testMissingCode" classname="org.apache.commons.validator.routines.checkdigit.SedolCheckDigitTest" time="0"/>
  <testcase name="testCalculateInvalid" classname="org.apache.commons.validator.routines.checkdigit.SedolCheckDigitTest" time="0"/>
  <testcase name="testCalculateValid" classname="org.apache.commons.validator.routines.checkdigit.SedolCheckDigitTest" time="0"/>
</testsuite>